running develop
/usr/lib/python3/dist-packages/setuptools/command/easy_install.py:158: EasyInstallDeprecationWarning: easy_install command is deprecated. Use build and pip and other standards-based tools.
  warnings.warn(
/usr/lib/python3/dist-packages/setuptools/command/install.py:34: SetuptoolsDeprecationWarning: setup.py install is deprecated. Use build and pip and other standards-based tools.
  warnings.warn(
Removing /home/admin/turtlebot4_ws/src/mover/install/mover/lib/python3.10/site-packages/mover.egg-link (link to .)
running egg_info
writing build/mover/mover.egg-info/PKG-INFO
writing dependency_links to build/mover/mover.egg-info/dependency_links.txt
writing entry points to build/mover/mover.egg-info/entry_points.txt
writing requirements to build/mover/mover.egg-info/requires.txt
writing top-level names to build/mover/mover.egg-info/top_level.txt
reading manifest file 'build/mover/mover.egg-info/SOURCES.txt'
writing manifest file 'build/mover/mover.egg-info/SOURCES.txt'
running build
running build_py
creating /home/admin/turtlebot4_ws/src/mover/build/mover/build
creating /home/admin/turtlebot4_ws/src/mover/build/mover/build/lib
creating /home/admin/turtlebot4_ws/src/mover/build/mover/build/lib/mover
copying mover/Nav_to.py -> /home/admin/turtlebot4_ws/src/mover/build/mover/build/lib/mover
copying mover/nav_to_pose.py -> /home/admin/turtlebot4_ws/src/mover/build/mover/build/lib/mover
copying mover/__init__.py -> /home/admin/turtlebot4_ws/src/mover/build/mover/build/lib/mover
running install
/usr/lib/python3/dist-packages/setuptools/command/install.py:34: SetuptoolsDeprecationWarning: setup.py install is deprecated. Use build and pip and other standards-based tools.
  warnings.warn(
running install_lib
creating /home/admin/turtlebot4_ws/src/mover/install/mover/lib/python3.10/site-packages/mover
copying /home/admin/turtlebot4_ws/src/mover/build/mover/build/lib/mover/Nav_to.py -> /home/admin/turtlebot4_ws/src/mover/install/mover/lib/python3.10/site-packages/mover
copying /home/admin/turtlebot4_ws/src/mover/build/mover/build/lib/mover/nav_to_pose.py -> /home/admin/turtlebot4_ws/src/mover/install/mover/lib/python3.10/site-packages/mover
copying /home/admin/turtlebot4_ws/src/mover/build/mover/build/lib/mover/__init__.py -> /home/admin/turtlebot4_ws/src/mover/install/mover/lib/python3.10/site-packages/mover
byte-compiling /home/admin/turtlebot4_ws/src/mover/install/mover/lib/python3.10/site-packages/mover/Nav_to.py to Nav_to.cpython-310.pyc
byte-compiling /home/admin/turtlebot4_ws/src/mover/install/mover/lib/python3.10/site-packages/mover/nav_to_pose.py to nav_to_pose.cpython-310.pyc
byte-compiling /home/admin/turtlebot4_ws/src/mover/install/mover/lib/python3.10/site-packages/mover/__init__.py to __init__.cpython-310.pyc
running install_data
running install_egg_info
Copying build/mover/mover.egg-info to /home/admin/turtlebot4_ws/src/mover/install/mover/lib/python3.10/site-packages/mover-0.0.0-py3.10.egg-info
running install_scripts
Installing nav_to script to /home/admin/turtlebot4_ws/src/mover/install/mover/lib/mover
Installing nav_to_pose script to /home/admin/turtlebot4_ws/src/mover/install/mover/lib/mover
writing list of installed files to '/home/admin/turtlebot4_ws/src/mover/build/mover/install.log'
