[0.049s] Invoking command in '/home/admin/turtlebot4_ws/src/build/turtlebot4_ignition_bringup': AMENT_PREFIX_PATH=/home/admin/turtlebot4_ws/src/install/turtlebot4_ignition_toolbox:/home/admin/turtlebot4_ws/src/install/turtlebot4_ignition_gui_plugins:${AMENT_PREFIX_PATH} CMAKE_PREFIX_PATH=/home/admin/turtlebot4_ws/src/install/turtlebot4_ignition_toolbox:/home/admin/turtlebot4_ws/src/install/turtlebot4_ignition_gui_plugins:/opt/ros/humble /usr/bin/cmake /home/admin/turtlebot4_ws/src/turtlebot4_simulator/turtlebot4_ignition_bringup -DAMENT_CMAKE_SYMLINK_INSTALL=1 -DCMAKE_INSTALL_PREFIX=/home/admin/turtlebot4_ws/src/install/turtlebot4_ignition_bringup
[0.097s] -- The C compiler identification is GNU 11.4.0
[0.153s] -- The CXX compiler identification is GNU 11.4.0
[0.160s] -- Detecting C compiler ABI info
[0.223s] -- Detecting C compiler ABI info - done
[0.230s] -- Check for working C compiler: /usr/bin/cc - skipped
[0.231s] -- Detecting C compile features
[0.231s] -- Detecting C compile features - done
[0.234s] -- Detecting CXX compiler ABI info
[0.341s] -- Detecting CXX compiler ABI info - done
[0.348s] -- Check for working CXX compiler: /usr/bin/c++ - skipped
[0.348s] -- Detecting CXX compile features
[0.349s] -- Detecting CXX compile features - done
[0.351s] -- Found ament_cmake: 1.3.5 (/opt/ros/humble/share/ament_cmake/cmake)
[0.498s] -- Found Python3: /usr/bin/python3.10 (found version "3.10.12") found components: Interpreter 
[0.549s] -- Override CMake install command with custom implementation using symlinks instead of copying resources
[0.596s] -- Found ros_ign_interfaces: 0.244.11 (/opt/ros/humble/share/ros_ign_interfaces/cmake)
[0.635s] -- Found rosidl_generator_c: 3.1.5 (/opt/ros/humble/share/rosidl_generator_c/cmake)
[0.640s] -- Found rosidl_adapter: 3.1.5 (/opt/ros/humble/share/rosidl_adapter/cmake)
[0.650s] -- Found rosidl_generator_cpp: 3.1.5 (/opt/ros/humble/share/rosidl_generator_cpp/cmake)
[0.666s] -- Using all available rosidl_typesupport_c: rosidl_typesupport_fastrtps_c;rosidl_typesupport_introspection_c
[0.690s] -- Using all available rosidl_typesupport_cpp: rosidl_typesupport_fastrtps_cpp;rosidl_typesupport_introspection_cpp
[1.119s] -- Found ament_lint_auto: 0.12.8 (/opt/ros/humble/share/ament_lint_auto/cmake)
[1.202s] -- Added test 'copyright' to check source files copyright and LICENSE
[1.211s] -- Added test 'flake8' to check Python code syntax and style conventions
[1.214s] -- Added test 'lint_cmake' to check CMake code style
[1.215s] -- Added test 'pep257' to check Python code against some of the docstring style conventions in PEP 257
[1.220s] -- Added test 'xmllint' to check XML markup files
[1.223s] -- Configuring done
[1.231s] -- Generating done
[1.232s] -- Build files have been written to: /home/admin/turtlebot4_ws/src/build/turtlebot4_ignition_bringup
[1.240s] Invoked command in '/home/admin/turtlebot4_ws/src/build/turtlebot4_ignition_bringup' returned '0': AMENT_PREFIX_PATH=/home/admin/turtlebot4_ws/src/install/turtlebot4_ignition_toolbox:/home/admin/turtlebot4_ws/src/install/turtlebot4_ignition_gui_plugins:${AMENT_PREFIX_PATH} CMAKE_PREFIX_PATH=/home/admin/turtlebot4_ws/src/install/turtlebot4_ignition_toolbox:/home/admin/turtlebot4_ws/src/install/turtlebot4_ignition_gui_plugins:/opt/ros/humble /usr/bin/cmake /home/admin/turtlebot4_ws/src/turtlebot4_simulator/turtlebot4_ignition_bringup -DAMENT_CMAKE_SYMLINK_INSTALL=1 -DCMAKE_INSTALL_PREFIX=/home/admin/turtlebot4_ws/src/install/turtlebot4_ignition_bringup
[1.241s] Invoking command in '/home/admin/turtlebot4_ws/src/build/turtlebot4_ignition_bringup': AMENT_PREFIX_PATH=/home/admin/turtlebot4_ws/src/install/turtlebot4_ignition_toolbox:/home/admin/turtlebot4_ws/src/install/turtlebot4_ignition_gui_plugins:${AMENT_PREFIX_PATH} CMAKE_PREFIX_PATH=/home/admin/turtlebot4_ws/src/install/turtlebot4_ignition_toolbox:/home/admin/turtlebot4_ws/src/install/turtlebot4_ignition_gui_plugins:/opt/ros/humble /usr/bin/cmake --build /home/admin/turtlebot4_ws/src/build/turtlebot4_ignition_bringup -- -j12 -l12
[1.277s] Invoked command in '/home/admin/turtlebot4_ws/src/build/turtlebot4_ignition_bringup' returned '0': AMENT_PREFIX_PATH=/home/admin/turtlebot4_ws/src/install/turtlebot4_ignition_toolbox:/home/admin/turtlebot4_ws/src/install/turtlebot4_ignition_gui_plugins:${AMENT_PREFIX_PATH} CMAKE_PREFIX_PATH=/home/admin/turtlebot4_ws/src/install/turtlebot4_ignition_toolbox:/home/admin/turtlebot4_ws/src/install/turtlebot4_ignition_gui_plugins:/opt/ros/humble /usr/bin/cmake --build /home/admin/turtlebot4_ws/src/build/turtlebot4_ignition_bringup -- -j12 -l12
[1.297s] Invoking command in '/home/admin/turtlebot4_ws/src/build/turtlebot4_ignition_bringup': AMENT_PREFIX_PATH=/home/admin/turtlebot4_ws/src/install/turtlebot4_ignition_toolbox:/home/admin/turtlebot4_ws/src/install/turtlebot4_ignition_gui_plugins:${AMENT_PREFIX_PATH} CMAKE_PREFIX_PATH=/home/admin/turtlebot4_ws/src/install/turtlebot4_ignition_toolbox:/home/admin/turtlebot4_ws/src/install/turtlebot4_ignition_gui_plugins:/opt/ros/humble /usr/bin/cmake --install /home/admin/turtlebot4_ws/src/build/turtlebot4_ignition_bringup
[1.303s] -- Install configuration: ""
[1.304s] -- Execute custom install script
[1.304s] -- Symlinking: /home/admin/turtlebot4_ws/src/install/turtlebot4_ignition_bringup/share/turtlebot4_ignition_bringup/config/turtlebot4_node.yaml
[1.313s] -- Symlinking: /home/admin/turtlebot4_ws/src/install/turtlebot4_ignition_bringup/share/turtlebot4_ignition_bringup/gui/lite/gui.config
[1.322s] -- Symlinking: /home/admin/turtlebot4_ws/src/install/turtlebot4_ignition_bringup/share/turtlebot4_ignition_bringup/gui/standard/gui.config
[1.330s] -- Symlinking: /home/admin/turtlebot4_ws/src/install/turtlebot4_ignition_bringup/share/turtlebot4_ignition_bringup/launch/ignition.launch.py
[1.338s] -- Symlinking: /home/admin/turtlebot4_ws/src/install/turtlebot4_ignition_bringup/share/turtlebot4_ignition_bringup/launch/ros_ign_bridge.launch.py
[1.345s] -- Symlinking: /home/admin/turtlebot4_ws/src/install/turtlebot4_ignition_bringup/share/turtlebot4_ignition_bringup/launch/turtlebot4_ignition.launch.py
[1.353s] -- Symlinking: /home/admin/turtlebot4_ws/src/install/turtlebot4_ignition_bringup/share/turtlebot4_ignition_bringup/launch/turtlebot4_nodes.launch.py
[1.360s] -- Symlinking: /home/admin/turtlebot4_ws/src/install/turtlebot4_ignition_bringup/share/turtlebot4_ignition_bringup/launch/turtlebot4_spawn.launch.py
[1.368s] -- Symlinking: /home/admin/turtlebot4_ws/src/install/turtlebot4_ignition_bringup/share/turtlebot4_ignition_bringup/worlds/depot.sdf
[1.375s] -- Symlinking: /home/admin/turtlebot4_ws/src/install/turtlebot4_ignition_bringup/share/turtlebot4_ignition_bringup/worlds/maze.sdf
[1.382s] -- Symlinking: /home/admin/turtlebot4_ws/src/install/turtlebot4_ignition_bringup/share/turtlebot4_ignition_bringup/worlds/warehouse.sdf
[1.390s] -- Symlinking: /home/admin/turtlebot4_ws/src/install/turtlebot4_ignition_bringup/share/ament_index/resource_index/package_run_dependencies/turtlebot4_ignition_bringup
[1.397s] -- Symlinking: /home/admin/turtlebot4_ws/src/install/turtlebot4_ignition_bringup/share/ament_index/resource_index/parent_prefix_path/turtlebot4_ignition_bringup
[1.405s] -- Symlinking: /home/admin/turtlebot4_ws/src/install/turtlebot4_ignition_bringup/share/turtlebot4_ignition_bringup/environment/ament_prefix_path.sh
[1.413s] -- Symlinking: /home/admin/turtlebot4_ws/src/install/turtlebot4_ignition_bringup/share/turtlebot4_ignition_bringup/environment/ament_prefix_path.dsv
[1.421s] -- Symlinking: /home/admin/turtlebot4_ws/src/install/turtlebot4_ignition_bringup/share/turtlebot4_ignition_bringup/environment/path.sh
[1.428s] -- Symlinking: /home/admin/turtlebot4_ws/src/install/turtlebot4_ignition_bringup/share/turtlebot4_ignition_bringup/environment/path.dsv
[1.436s] -- Symlinking: /home/admin/turtlebot4_ws/src/install/turtlebot4_ignition_bringup/share/turtlebot4_ignition_bringup/local_setup.bash
[1.443s] -- Symlinking: /home/admin/turtlebot4_ws/src/install/turtlebot4_ignition_bringup/share/turtlebot4_ignition_bringup/local_setup.sh
[1.451s] -- Symlinking: /home/admin/turtlebot4_ws/src/install/turtlebot4_ignition_bringup/share/turtlebot4_ignition_bringup/local_setup.zsh
[1.459s] -- Symlinking: /home/admin/turtlebot4_ws/src/install/turtlebot4_ignition_bringup/share/turtlebot4_ignition_bringup/local_setup.dsv
[1.466s] -- Symlinking: /home/admin/turtlebot4_ws/src/install/turtlebot4_ignition_bringup/share/turtlebot4_ignition_bringup/package.dsv
[1.474s] -- Symlinking: /home/admin/turtlebot4_ws/src/install/turtlebot4_ignition_bringup/share/ament_index/resource_index/packages/turtlebot4_ignition_bringup
[1.481s] -- Symlinking: /home/admin/turtlebot4_ws/src/install/turtlebot4_ignition_bringup/share/turtlebot4_ignition_bringup/cmake/turtlebot4_ignition_bringupConfig.cmake
[1.489s] -- Symlinking: /home/admin/turtlebot4_ws/src/install/turtlebot4_ignition_bringup/share/turtlebot4_ignition_bringup/cmake/turtlebot4_ignition_bringupConfig-version.cmake
[1.497s] -- Symlinking: /home/admin/turtlebot4_ws/src/install/turtlebot4_ignition_bringup/share/turtlebot4_ignition_bringup/package.xml
[1.506s] Invoked command in '/home/admin/turtlebot4_ws/src/build/turtlebot4_ignition_bringup' returned '0': AMENT_PREFIX_PATH=/home/admin/turtlebot4_ws/src/install/turtlebot4_ignition_toolbox:/home/admin/turtlebot4_ws/src/install/turtlebot4_ignition_gui_plugins:${AMENT_PREFIX_PATH} CMAKE_PREFIX_PATH=/home/admin/turtlebot4_ws/src/install/turtlebot4_ignition_toolbox:/home/admin/turtlebot4_ws/src/install/turtlebot4_ignition_gui_plugins:/opt/ros/humble /usr/bin/cmake --install /home/admin/turtlebot4_ws/src/build/turtlebot4_ignition_bringup
