[4.962s] DEBUG:colcon:Command line arguments: ['/usr/bin/colcon', 'build', '--symlink-install']
[4.962s] DEBUG:colcon:Parsed command line arguments: Namespace(log_base=None, log_level=None, verb_name='build', build_base='build', install_base='install', merge_install=False, symlink_install=True, test_result_base=None, continue_on_error=False, executor='parallel', parallel_workers=12, event_handlers=None, ignore_user_meta=False, metas=['./colcon.meta'], base_paths=['.'], packages_ignore=None, packages_ignore_regex=None, paths=None, packages_up_to=None, packages_up_to_regex=None, packages_above=None, packages_above_and_dependencies=None, packages_above_depth=None, packages_select_by_dep=None, packages_skip_by_dep=None, packages_skip_up_to=None, packages_select_build_failed=False, packages_skip_build_finished=False, packages_select_test_failures=False, packages_skip_test_passed=False, packages_select=None, packages_skip=None, packages_select_regex=None, packages_skip_regex=None, packages_start=None, packages_end=None, allow_overriding=[], cmake_args=None, cmake_target=None, cmake_target_skip_unavailable=False, cmake_clean_cache=False, cmake_clean_first=False, cmake_force_configure=False, ament_cmake_args=None, catkin_cmake_args=None, catkin_skip_building_tests=False, verb_parser=<colcon_defaults.argument_parser.defaults.DefaultArgumentsDecorator object at 0x7f1b3310da20>, verb_extension=<colcon_core.verb.build.BuildVerb object at 0x7f1b330c3520>, main=<bound method BuildVerb.main of <colcon_core.verb.build.BuildVerb object at 0x7f1b330c3520>>)
[5.374s] Level 1:colcon.colcon_core.package_discovery:discover_packages(colcon_meta) check parameters
[5.374s] Level 1:colcon.colcon_core.package_discovery:discover_packages(recursive) check parameters
[5.374s] Level 1:colcon.colcon_core.package_discovery:discover_packages(ignore) check parameters
[5.374s] Level 1:colcon.colcon_core.package_discovery:discover_packages(path) check parameters
[5.374s] Level 1:colcon.colcon_core.package_discovery:discover_packages(colcon_meta) discover
[5.374s] Level 1:colcon.colcon_core.package_discovery:discover_packages(recursive) discover
[5.375s] INFO:colcon.colcon_core.package_discovery:Crawling recursively for packages in '/home/admin/turtlebot4_ws/src/mover'
[5.375s] Level 1:colcon.colcon_core.package_identification:_identify(.) by extensions ['ignore', 'ignore_ament_install']
[5.375s] Level 1:colcon.colcon_core.package_identification:_identify(.) by extension 'ignore'
[5.375s] Level 1:colcon.colcon_core.package_identification:_identify(.) by extension 'ignore_ament_install'
[5.375s] Level 1:colcon.colcon_core.package_identification:_identify(.) by extensions ['colcon_pkg']
[5.376s] Level 1:colcon.colcon_core.package_identification:_identify(.) by extension 'colcon_pkg'
[5.376s] Level 1:colcon.colcon_core.package_identification:_identify(.) by extensions ['colcon_meta']
[5.376s] Level 1:colcon.colcon_core.package_identification:_identify(.) by extension 'colcon_meta'
[5.376s] Level 1:colcon.colcon_core.package_identification:_identify(.) by extensions ['ros']
[5.376s] Level 1:colcon.colcon_core.package_identification:_identify(.) by extension 'ros'
[5.415s] DEBUG:colcon.colcon_core.package_identification:Package '.' with type 'ros.ament_python' and name 'mover'
[5.415s] Level 1:colcon.colcon_core.package_discovery:discover_packages(recursive) using defaults
[5.415s] Level 1:colcon.colcon_core.package_discovery:discover_packages(ignore) discover
[5.415s] Level 1:colcon.colcon_core.package_discovery:discover_packages(ignore) using defaults
[5.415s] Level 1:colcon.colcon_core.package_discovery:discover_packages(path) discover
[5.415s] Level 1:colcon.colcon_core.package_discovery:discover_packages(path) using defaults
[5.656s] Level 1:colcon.colcon_core.package_discovery:discover_packages(prefix_path) check parameters
[5.656s] Level 1:colcon.colcon_core.package_discovery:discover_packages(prefix_path) discover
[5.732s] DEBUG:colcon.colcon_installed_package_information.package_discovery:Found 1 installed packages in /home/admin/turtlebot4_ws/src/mover/install
[5.768s] DEBUG:colcon.colcon_installed_package_information.package_discovery:Found 380 installed packages in /opt/ros/humble
[5.771s] Level 1:colcon.colcon_core.package_discovery:discover_packages(prefix_path) using defaults
[5.984s] Level 5:colcon.colcon_core.verb:set package 'mover' build argument 'cmake_args' from command line to 'None'
[5.984s] Level 5:colcon.colcon_core.verb:set package 'mover' build argument 'cmake_target' from command line to 'None'
[5.984s] Level 5:colcon.colcon_core.verb:set package 'mover' build argument 'cmake_target_skip_unavailable' from command line to 'False'
[5.984s] Level 5:colcon.colcon_core.verb:set package 'mover' build argument 'cmake_clean_cache' from command line to 'False'
[5.984s] Level 5:colcon.colcon_core.verb:set package 'mover' build argument 'cmake_clean_first' from command line to 'False'
[5.984s] Level 5:colcon.colcon_core.verb:set package 'mover' build argument 'cmake_force_configure' from command line to 'False'
[5.984s] Level 5:colcon.colcon_core.verb:set package 'mover' build argument 'ament_cmake_args' from command line to 'None'
[5.984s] Level 5:colcon.colcon_core.verb:set package 'mover' build argument 'catkin_cmake_args' from command line to 'None'
[5.984s] Level 5:colcon.colcon_core.verb:set package 'mover' build argument 'catkin_skip_building_tests' from command line to 'False'
[5.984s] DEBUG:colcon.colcon_core.verb:Building package 'mover' with the following arguments: {'ament_cmake_args': None, 'build_base': '/home/admin/turtlebot4_ws/src/mover/build/mover', 'catkin_cmake_args': None, 'catkin_skip_building_tests': False, 'cmake_args': None, 'cmake_clean_cache': False, 'cmake_clean_first': False, 'cmake_force_configure': False, 'cmake_target': None, 'cmake_target_skip_unavailable': False, 'install_base': '/home/admin/turtlebot4_ws/src/mover/install/mover', 'merge_install': False, 'path': '/home/admin/turtlebot4_ws/src/mover', 'symlink_install': True, 'test_result_base': None}
[6.010s] INFO:colcon.colcon_core.executor:Executing jobs using 'parallel' executor
[6.037s] DEBUG:colcon.colcon_parallel_executor.executor.parallel:run_until_complete
[6.038s] INFO:colcon.colcon_ros.task.ament_python.build:Building ROS package in '/home/admin/turtlebot4_ws/src/mover' with build type 'ament_python'
[6.038s] Level 1:colcon.colcon_core.shell:create_environment_hook('mover', 'ament_prefix_path')
[6.080s] INFO:colcon.colcon_core.plugin_system:Skipping extension 'colcon_core.shell.bat': Not used on non-Windows systems
[6.080s] INFO:colcon.colcon_core.shell:Creating environment hook '/home/admin/turtlebot4_ws/src/mover/install/mover/share/mover/hook/ament_prefix_path.ps1'
[6.086s] INFO:colcon.colcon_core.shell:Creating environment descriptor '/home/admin/turtlebot4_ws/src/mover/install/mover/share/mover/hook/ament_prefix_path.dsv'
[6.092s] INFO:colcon.colcon_core.shell:Creating environment hook '/home/admin/turtlebot4_ws/src/mover/install/mover/share/mover/hook/ament_prefix_path.sh'
[6.122s] INFO:colcon.colcon_core.shell:Skip shell extension 'powershell' for command environment: Not usable outside of PowerShell
[6.122s] DEBUG:colcon.colcon_core.shell:Skip shell extension 'dsv' for command environment
[6.674s] INFO:colcon.colcon_core.task.python.build:Building Python package in '/home/admin/turtlebot4_ws/src/mover'
[6.701s] INFO:colcon.colcon_core.shell:Skip shell extension 'powershell' for command environment: Not usable outside of PowerShell
[6.701s] DEBUG:colcon.colcon_core.shell:Skip shell extension 'dsv' for command environment
[8.010s] DEBUG:colcon.colcon_core.event_handler.log_command:Invoking command in '/home/admin/turtlebot4_ws/src/mover/build/mover': PYTHONPATH=/home/admin/turtlebot4_ws/src/mover/build/mover/prefix_override:/home/admin/turtlebot4_ws/src/mover/install/mover/lib/python3.10/site-packages:${PYTHONPATH} /usr/bin/python3 setup.py develop --editable --build-directory /home/admin/turtlebot4_ws/src/mover/build/mover/build --no-deps install_data
[8.868s] Level 1:colcon.colcon_core.shell:create_environment_hook('mover', 'pythonpath_develop')
[8.869s] DEBUG:colcon.colcon_core.event_handler.log_command:Invoked command in '/home/admin/turtlebot4_ws/src/mover/build/mover' returned '0': PYTHONPATH=/home/admin/turtlebot4_ws/src/mover/build/mover/prefix_override:/home/admin/turtlebot4_ws/src/mover/install/mover/lib/python3.10/site-packages:${PYTHONPATH} /usr/bin/python3 setup.py develop --editable --build-directory /home/admin/turtlebot4_ws/src/mover/build/mover/build --no-deps install_data
[8.899s] INFO:colcon.colcon_core.shell:Creating environment hook '/home/admin/turtlebot4_ws/src/mover/build/mover/share/mover/hook/pythonpath_develop.ps1'
[8.900s] INFO:colcon.colcon_core.shell:Creating environment descriptor '/home/admin/turtlebot4_ws/src/mover/build/mover/share/mover/hook/pythonpath_develop.dsv'
[8.900s] INFO:colcon.colcon_core.shell:Creating environment hook '/home/admin/turtlebot4_ws/src/mover/build/mover/share/mover/hook/pythonpath_develop.sh'
[8.975s] Level 1:colcon.colcon_core.environment:checking '/home/admin/turtlebot4_ws/src/mover/install/mover' for CMake module files
[8.976s] Level 1:colcon.colcon_core.environment:checking '/home/admin/turtlebot4_ws/src/mover/install/mover' for CMake config files
[8.977s] Level 1:colcon.colcon_core.environment:checking '/home/admin/turtlebot4_ws/src/mover/install/mover/lib'
[8.977s] Level 1:colcon.colcon_core.environment:checking '/home/admin/turtlebot4_ws/src/mover/install/mover/bin'
[8.977s] Level 1:colcon.colcon_core.environment:checking '/home/admin/turtlebot4_ws/src/mover/install/mover/lib/pkgconfig/mover.pc'
[8.978s] Level 1:colcon.colcon_core.environment:checking '/home/admin/turtlebot4_ws/src/mover/install/mover/lib/python3.10/site-packages'
[8.978s] Level 1:colcon.colcon_core.shell:create_environment_hook('mover', 'pythonpath')
[9.004s] INFO:colcon.colcon_core.shell:Creating environment hook '/home/admin/turtlebot4_ws/src/mover/install/mover/share/mover/hook/pythonpath.ps1'
[9.004s] INFO:colcon.colcon_core.shell:Creating environment descriptor '/home/admin/turtlebot4_ws/src/mover/install/mover/share/mover/hook/pythonpath.dsv'
[9.005s] INFO:colcon.colcon_core.shell:Creating environment hook '/home/admin/turtlebot4_ws/src/mover/install/mover/share/mover/hook/pythonpath.sh'
[9.006s] Level 1:colcon.colcon_core.environment:checking '/home/admin/turtlebot4_ws/src/mover/install/mover/bin'
[9.006s] Level 1:colcon.colcon_core.environment:create_environment_scripts_only(mover)
[9.027s] INFO:colcon.colcon_core.shell:Creating package script '/home/admin/turtlebot4_ws/src/mover/install/mover/share/mover/package.ps1'
[9.037s] INFO:colcon.colcon_core.shell:Creating package descriptor '/home/admin/turtlebot4_ws/src/mover/install/mover/share/mover/package.dsv'
[9.042s] INFO:colcon.colcon_core.shell:Creating package script '/home/admin/turtlebot4_ws/src/mover/install/mover/share/mover/package.sh'
[9.044s] INFO:colcon.colcon_core.shell:Creating package script '/home/admin/turtlebot4_ws/src/mover/install/mover/share/mover/package.bash'
[9.047s] INFO:colcon.colcon_core.shell:Creating package script '/home/admin/turtlebot4_ws/src/mover/install/mover/share/mover/package.zsh'
[9.058s] Level 1:colcon.colcon_core.environment:create_file_with_runtime_dependencies(/home/admin/turtlebot4_ws/src/mover/install/mover/share/colcon-core/packages/mover)
[9.059s] DEBUG:colcon.colcon_parallel_executor.executor.parallel:closing loop
[9.059s] DEBUG:colcon.colcon_parallel_executor.executor.parallel:loop closed
[9.059s] DEBUG:colcon.colcon_parallel_executor.executor.parallel:run_until_complete finished with '0'
[9.060s] DEBUG:colcon.colcon_core.event_reactor:joining thread
[9.106s] INFO:colcon.colcon_core.plugin_system:Skipping extension 'colcon_notification.desktop_notification.terminal_notifier': Not used on non-Darwin systems
[9.106s] INFO:colcon.colcon_core.plugin_system:Skipping extension 'colcon_notification.desktop_notification.win32': Not used on non-Windows systems
[9.107s] INFO:colcon.colcon_notification.desktop_notification:Sending desktop notification using 'notify2'
[9.132s] DEBUG:colcon.colcon_core.event_reactor:joined thread
[9.177s] INFO:colcon.colcon_core.shell:Creating prefix script '/home/admin/turtlebot4_ws/src/mover/install/local_setup.ps1'
[9.179s] INFO:colcon.colcon_core.shell:Creating prefix util module '/home/admin/turtlebot4_ws/src/mover/install/_local_setup_util_ps1.py'
[9.182s] INFO:colcon.colcon_core.shell:Creating prefix chain script '/home/admin/turtlebot4_ws/src/mover/install/setup.ps1'
[9.222s] INFO:colcon.colcon_core.shell:Creating prefix script '/home/admin/turtlebot4_ws/src/mover/install/local_setup.sh'
[9.223s] INFO:colcon.colcon_core.shell:Creating prefix util module '/home/admin/turtlebot4_ws/src/mover/install/_local_setup_util_sh.py'
[9.224s] INFO:colcon.colcon_core.shell:Creating prefix chain script '/home/admin/turtlebot4_ws/src/mover/install/setup.sh'
[9.264s] INFO:colcon.colcon_core.shell:Creating prefix script '/home/admin/turtlebot4_ws/src/mover/install/local_setup.bash'
[9.266s] INFO:colcon.colcon_core.shell:Creating prefix chain script '/home/admin/turtlebot4_ws/src/mover/install/setup.bash'
[9.305s] INFO:colcon.colcon_core.shell:Creating prefix script '/home/admin/turtlebot4_ws/src/mover/install/local_setup.zsh'
[9.306s] INFO:colcon.colcon_core.shell:Creating prefix chain script '/home/admin/turtlebot4_ws/src/mover/install/setup.zsh'
