[2.708s] DEBUG:colcon:Command line arguments: ['/usr/bin/colcon', 'build', '--symlink-install']
[2.708s] DEBUG:colcon:Parsed command line arguments: Namespace(log_base=None, log_level=None, verb_name='build', build_base='build', install_base='install', merge_install=False, symlink_install=True, test_result_base=None, continue_on_error=False, executor='parallel', parallel_workers=12, event_handlers=None, ignore_user_meta=False, metas=['./colcon.meta'], base_paths=['.'], packages_ignore=None, packages_ignore_regex=None, paths=None, packages_up_to=None, packages_up_to_regex=None, packages_above=None, packages_above_and_dependencies=None, packages_above_depth=None, packages_select_by_dep=None, packages_skip_by_dep=None, packages_skip_up_to=None, packages_select_build_failed=False, packages_skip_build_finished=False, packages_select_test_failures=False, packages_skip_test_passed=False, packages_select=None, packages_skip=None, packages_select_regex=None, packages_skip_regex=None, packages_start=None, packages_end=None, allow_overriding=[], cmake_args=None, cmake_target=None, cmake_target_skip_unavailable=False, cmake_clean_cache=False, cmake_clean_first=False, cmake_force_configure=False, ament_cmake_args=None, catkin_cmake_args=None, catkin_skip_building_tests=False, verb_parser=<colcon_defaults.argument_parser.defaults.DefaultArgumentsDecorator object at 0x7f7689888a30>, verb_extension=<colcon_core.verb.build.BuildVerb object at 0x7f7689b2c2e0>, main=<bound method BuildVerb.main of <colcon_core.verb.build.BuildVerb object at 0x7f7689b2c2e0>>)
[2.808s] Level 1:colcon.colcon_core.package_discovery:discover_packages(colcon_meta) check parameters
[2.808s] Level 1:colcon.colcon_core.package_discovery:discover_packages(recursive) check parameters
[2.808s] Level 1:colcon.colcon_core.package_discovery:discover_packages(ignore) check parameters
[2.808s] Level 1:colcon.colcon_core.package_discovery:discover_packages(path) check parameters
[2.808s] Level 1:colcon.colcon_core.package_discovery:discover_packages(colcon_meta) discover
[2.808s] Level 1:colcon.colcon_core.package_discovery:discover_packages(recursive) discover
[2.808s] INFO:colcon.colcon_core.package_discovery:Crawling recursively for packages in '/home/admin/turtlebot4_ws/src/mover'
[2.809s] Level 1:colcon.colcon_core.package_identification:_identify(.) by extensions ['ignore', 'ignore_ament_install']
[2.809s] Level 1:colcon.colcon_core.package_identification:_identify(.) by extension 'ignore'
[2.809s] Level 1:colcon.colcon_core.package_identification:_identify(.) by extension 'ignore_ament_install'
[2.809s] Level 1:colcon.colcon_core.package_identification:_identify(.) by extensions ['colcon_pkg']
[2.809s] Level 1:colcon.colcon_core.package_identification:_identify(.) by extension 'colcon_pkg'
[2.809s] Level 1:colcon.colcon_core.package_identification:_identify(.) by extensions ['colcon_meta']
[2.809s] Level 1:colcon.colcon_core.package_identification:_identify(.) by extension 'colcon_meta'
[2.809s] Level 1:colcon.colcon_core.package_identification:_identify(.) by extensions ['ros']
[2.809s] Level 1:colcon.colcon_core.package_identification:_identify(.) by extension 'ros'
[2.836s] DEBUG:colcon.colcon_core.package_identification:Package '.' with type 'ros.ament_python' and name 'mover'
[2.836s] Level 1:colcon.colcon_core.package_discovery:discover_packages(recursive) using defaults
[2.836s] Level 1:colcon.colcon_core.package_discovery:discover_packages(ignore) discover
[2.836s] Level 1:colcon.colcon_core.package_discovery:discover_packages(ignore) using defaults
[2.836s] Level 1:colcon.colcon_core.package_discovery:discover_packages(path) discover
[2.836s] Level 1:colcon.colcon_core.package_discovery:discover_packages(path) using defaults
[3.096s] Level 1:colcon.colcon_core.package_discovery:discover_packages(prefix_path) check parameters
[3.097s] Level 1:colcon.colcon_core.package_discovery:discover_packages(prefix_path) discover
[3.175s] DEBUG:colcon.colcon_installed_package_information.package_discovery:Found 1 installed packages in /home/admin/turtlebot4_ws/src/mover/install
[3.210s] DEBUG:colcon.colcon_installed_package_information.package_discovery:Found 4 installed packages in /home/admin/turtlebot4_ws/src/install
[3.248s] DEBUG:colcon.colcon_installed_package_information.package_discovery:Found 377 installed packages in /opt/ros/humble
[3.270s] Level 1:colcon.colcon_core.package_discovery:discover_packages(prefix_path) using defaults
[3.611s] Level 5:colcon.colcon_core.verb:set package 'mover' build argument 'cmake_args' from command line to 'None'
[3.611s] Level 5:colcon.colcon_core.verb:set package 'mover' build argument 'cmake_target' from command line to 'None'
[3.611s] Level 5:colcon.colcon_core.verb:set package 'mover' build argument 'cmake_target_skip_unavailable' from command line to 'False'
[3.611s] Level 5:colcon.colcon_core.verb:set package 'mover' build argument 'cmake_clean_cache' from command line to 'False'
[3.611s] Level 5:colcon.colcon_core.verb:set package 'mover' build argument 'cmake_clean_first' from command line to 'False'
[3.611s] Level 5:colcon.colcon_core.verb:set package 'mover' build argument 'cmake_force_configure' from command line to 'False'
[3.611s] Level 5:colcon.colcon_core.verb:set package 'mover' build argument 'ament_cmake_args' from command line to 'None'
[3.611s] Level 5:colcon.colcon_core.verb:set package 'mover' build argument 'catkin_cmake_args' from command line to 'None'
[3.611s] Level 5:colcon.colcon_core.verb:set package 'mover' build argument 'catkin_skip_building_tests' from command line to 'False'
[3.611s] DEBUG:colcon.colcon_core.verb:Building package 'mover' with the following arguments: {'ament_cmake_args': None, 'build_base': '/home/admin/turtlebot4_ws/src/mover/build/mover', 'catkin_cmake_args': None, 'catkin_skip_building_tests': False, 'cmake_args': None, 'cmake_clean_cache': False, 'cmake_clean_first': False, 'cmake_force_configure': False, 'cmake_target': None, 'cmake_target_skip_unavailable': False, 'install_base': '/home/admin/turtlebot4_ws/src/mover/install/mover', 'merge_install': False, 'path': '/home/admin/turtlebot4_ws/src/mover', 'symlink_install': True, 'test_result_base': None}
[3.651s] INFO:colcon.colcon_core.executor:Executing jobs using 'parallel' executor
[3.693s] DEBUG:colcon.colcon_parallel_executor.executor.parallel:run_until_complete
[3.693s] INFO:colcon.colcon_ros.task.ament_python.build:Building ROS package in '/home/admin/turtlebot4_ws/src/mover' with build type 'ament_python'
[3.694s] Level 1:colcon.colcon_core.shell:create_environment_hook('mover', 'ament_prefix_path')
[3.735s] INFO:colcon.colcon_core.plugin_system:Skipping extension 'colcon_core.shell.bat': Not used on non-Windows systems
[3.735s] INFO:colcon.colcon_core.shell:Creating environment hook '/home/admin/turtlebot4_ws/src/mover/install/mover/share/mover/hook/ament_prefix_path.ps1'
[3.736s] INFO:colcon.colcon_core.shell:Creating environment descriptor '/home/admin/turtlebot4_ws/src/mover/install/mover/share/mover/hook/ament_prefix_path.dsv'
[3.737s] INFO:colcon.colcon_core.shell:Creating environment hook '/home/admin/turtlebot4_ws/src/mover/install/mover/share/mover/hook/ament_prefix_path.sh'
[3.778s] INFO:colcon.colcon_core.shell:Skip shell extension 'powershell' for command environment: Not usable outside of PowerShell
[3.779s] DEBUG:colcon.colcon_core.shell:Skip shell extension 'dsv' for command environment
[4.783s] INFO:colcon.colcon_core.task.python.build:Building Python package in '/home/admin/turtlebot4_ws/src/mover'
[4.831s] INFO:colcon.colcon_core.shell:Skip shell extension 'powershell' for command environment: Not usable outside of PowerShell
[4.832s] DEBUG:colcon.colcon_core.shell:Skip shell extension 'dsv' for command environment
[5.975s] DEBUG:colcon.colcon_core.event_handler.log_command:Invoking command in '/home/admin/turtlebot4_ws/src/mover/build/mover': PYTHONPATH=/home/admin/turtlebot4_ws/src/mover/build/mover/prefix_override:/home/admin/turtlebot4_ws/src/mover/install/mover/lib/python3.10/site-packages:${PYTHONPATH} /usr/bin/python3 setup.py develop --editable --build-directory /home/admin/turtlebot4_ws/src/mover/build/mover/build --no-deps install_data
[7.246s] Level 1:colcon.colcon_core.shell:create_environment_hook('mover', 'pythonpath_develop')
[7.247s] DEBUG:colcon.colcon_core.event_handler.log_command:Invoked command in '/home/admin/turtlebot4_ws/src/mover/build/mover' returned '0': PYTHONPATH=/home/admin/turtlebot4_ws/src/mover/build/mover/prefix_override:/home/admin/turtlebot4_ws/src/mover/install/mover/lib/python3.10/site-packages:${PYTHONPATH} /usr/bin/python3 setup.py develop --editable --build-directory /home/admin/turtlebot4_ws/src/mover/build/mover/build --no-deps install_data
[7.287s] INFO:colcon.colcon_core.shell:Creating environment hook '/home/admin/turtlebot4_ws/src/mover/build/mover/share/mover/hook/pythonpath_develop.ps1'
[7.288s] INFO:colcon.colcon_core.shell:Creating environment descriptor '/home/admin/turtlebot4_ws/src/mover/build/mover/share/mover/hook/pythonpath_develop.dsv'
[7.289s] INFO:colcon.colcon_core.shell:Creating environment hook '/home/admin/turtlebot4_ws/src/mover/build/mover/share/mover/hook/pythonpath_develop.sh'
[7.331s] Level 1:colcon.colcon_core.environment:checking '/home/admin/turtlebot4_ws/src/mover/install/mover' for CMake module files
[7.332s] Level 1:colcon.colcon_core.environment:checking '/home/admin/turtlebot4_ws/src/mover/install/mover' for CMake config files
[7.334s] Level 1:colcon.colcon_core.environment:checking '/home/admin/turtlebot4_ws/src/mover/install/mover/lib'
[7.334s] Level 1:colcon.colcon_core.environment:checking '/home/admin/turtlebot4_ws/src/mover/install/mover/bin'
[7.334s] Level 1:colcon.colcon_core.environment:checking '/home/admin/turtlebot4_ws/src/mover/install/mover/lib/pkgconfig/mover.pc'
[7.335s] Level 1:colcon.colcon_core.environment:checking '/home/admin/turtlebot4_ws/src/mover/install/mover/lib/python3.10/site-packages'
[7.335s] Level 1:colcon.colcon_core.shell:create_environment_hook('mover', 'pythonpath')
[7.380s] INFO:colcon.colcon_core.shell:Creating environment hook '/home/admin/turtlebot4_ws/src/mover/install/mover/share/mover/hook/pythonpath.ps1'
[7.382s] INFO:colcon.colcon_core.shell:Creating environment descriptor '/home/admin/turtlebot4_ws/src/mover/install/mover/share/mover/hook/pythonpath.dsv'
[7.382s] INFO:colcon.colcon_core.shell:Creating environment hook '/home/admin/turtlebot4_ws/src/mover/install/mover/share/mover/hook/pythonpath.sh'
[7.384s] Level 1:colcon.colcon_core.environment:checking '/home/admin/turtlebot4_ws/src/mover/install/mover/bin'
[7.384s] Level 1:colcon.colcon_core.environment:create_environment_scripts_only(mover)
[7.427s] INFO:colcon.colcon_core.shell:Creating package script '/home/admin/turtlebot4_ws/src/mover/install/mover/share/mover/package.ps1'
[7.429s] INFO:colcon.colcon_core.shell:Creating package descriptor '/home/admin/turtlebot4_ws/src/mover/install/mover/share/mover/package.dsv'
[7.431s] INFO:colcon.colcon_core.shell:Creating package script '/home/admin/turtlebot4_ws/src/mover/install/mover/share/mover/package.sh'
[7.433s] INFO:colcon.colcon_core.shell:Creating package script '/home/admin/turtlebot4_ws/src/mover/install/mover/share/mover/package.bash'
[7.435s] INFO:colcon.colcon_core.shell:Creating package script '/home/admin/turtlebot4_ws/src/mover/install/mover/share/mover/package.zsh'
[7.437s] Level 1:colcon.colcon_core.environment:create_file_with_runtime_dependencies(/home/admin/turtlebot4_ws/src/mover/install/mover/share/colcon-core/packages/mover)
[7.437s] DEBUG:colcon.colcon_parallel_executor.executor.parallel:closing loop
[7.438s] DEBUG:colcon.colcon_parallel_executor.executor.parallel:loop closed
[7.439s] DEBUG:colcon.colcon_parallel_executor.executor.parallel:run_until_complete finished with '0'
[7.439s] DEBUG:colcon.colcon_core.event_reactor:joining thread
[7.508s] INFO:colcon.colcon_core.plugin_system:Skipping extension 'colcon_notification.desktop_notification.terminal_notifier': Not used on non-Darwin systems
[7.508s] INFO:colcon.colcon_core.plugin_system:Skipping extension 'colcon_notification.desktop_notification.win32': Not used on non-Windows systems
[7.508s] INFO:colcon.colcon_notification.desktop_notification:Sending desktop notification using 'notify2'
[7.536s] DEBUG:colcon.colcon_core.event_reactor:joined thread
[7.589s] INFO:colcon.colcon_core.shell:Creating prefix script '/home/admin/turtlebot4_ws/src/mover/install/local_setup.ps1'
[7.592s] INFO:colcon.colcon_core.shell:Creating prefix util module '/home/admin/turtlebot4_ws/src/mover/install/_local_setup_util_ps1.py'
[7.596s] INFO:colcon.colcon_core.shell:Creating prefix chain script '/home/admin/turtlebot4_ws/src/mover/install/setup.ps1'
[7.662s] INFO:colcon.colcon_core.shell:Creating prefix script '/home/admin/turtlebot4_ws/src/mover/install/local_setup.sh'
[7.663s] INFO:colcon.colcon_core.shell:Creating prefix util module '/home/admin/turtlebot4_ws/src/mover/install/_local_setup_util_sh.py'
[7.665s] INFO:colcon.colcon_core.shell:Creating prefix chain script '/home/admin/turtlebot4_ws/src/mover/install/setup.sh'
[7.722s] INFO:colcon.colcon_core.shell:Creating prefix script '/home/admin/turtlebot4_ws/src/mover/install/local_setup.bash'
[7.724s] INFO:colcon.colcon_core.shell:Creating prefix chain script '/home/admin/turtlebot4_ws/src/mover/install/setup.bash'
[7.778s] INFO:colcon.colcon_core.shell:Creating prefix script '/home/admin/turtlebot4_ws/src/mover/install/local_setup.zsh'
[7.779s] INFO:colcon.colcon_core.shell:Creating prefix chain script '/home/admin/turtlebot4_ws/src/mover/install/setup.zsh'
