[2.281s] Invoking command in '/home/admin/turtlebot4_ws/src/mover/build/mover': PYTHONPATH=/home/admin/turtlebot4_ws/src/mover/build/mover/prefix_override:/home/admin/turtlebot4_ws/src/mover/install/mover/lib/python3.10/site-packages:${PYTHONPATH} /usr/bin/python3 setup.py develop --editable --build-directory /home/admin/turtlebot4_ws/src/mover/build/mover/build --no-deps install_data
[2.968s] running develop
[2.969s] /usr/lib/python3/dist-packages/setuptools/command/easy_install.py:158: EasyInstallDeprecationWarning: easy_install command is deprecated. Use build and pip and other standards-based tools.
[2.969s]   warnings.warn(
[2.972s] /usr/lib/python3/dist-packages/setuptools/command/install.py:34: SetuptoolsDeprecationWarning: setup.py install is deprecated. Use build and pip and other standards-based tools.
[2.972s]   warnings.warn(
[3.475s] running egg_info
[3.475s] writing mover.egg-info/PKG-INFO
[3.476s] writing dependency_links to mover.egg-info/dependency_links.txt
[3.476s] writing entry points to mover.egg-info/entry_points.txt
[3.477s] writing requirements to mover.egg-info/requires.txt
[3.477s] writing top-level names to mover.egg-info/top_level.txt
[3.482s] reading manifest file 'mover.egg-info/SOURCES.txt'
[3.484s] writing manifest file 'mover.egg-info/SOURCES.txt'
[3.488s] running build_ext
[3.488s] Creating /home/admin/turtlebot4_ws/src/mover/install/mover/lib/python3.10/site-packages/mover.egg-link (link to .)
[3.491s] Installing nav_to_pose script to /home/admin/turtlebot4_ws/src/mover/install/mover/lib/mover
[3.491s] 
[3.492s] Installed /home/admin/turtlebot4_ws/src/mover/build/mover
[3.492s] running install_data
[3.552s] Invoked command in '/home/admin/turtlebot4_ws/src/mover/build/mover' returned '0': PYTHONPATH=/home/admin/turtlebot4_ws/src/mover/build/mover/prefix_override:/home/admin/turtlebot4_ws/src/mover/install/mover/lib/python3.10/site-packages:${PYTHONPATH} /usr/bin/python3 setup.py develop --editable --build-directory /home/admin/turtlebot4_ws/src/mover/build/mover/build --no-deps install_data
