[6.597s] DEBUG:colcon:Command line arguments: ['/usr/bin/colcon', 'build']
[6.597s] DEBUG:colcon:Parsed command line arguments: Namespace(log_base=None, log_level=None, verb_name='build', build_base='build', install_base='install', merge_install=False, symlink_install=False, test_result_base=None, continue_on_error=False, executor='parallel', parallel_workers=12, event_handlers=None, ignore_user_meta=False, metas=['./colcon.meta'], base_paths=['.'], packages_ignore=None, packages_ignore_regex=None, paths=None, packages_up_to=None, packages_up_to_regex=None, packages_above=None, packages_above_and_dependencies=None, packages_above_depth=None, packages_select_by_dep=None, packages_skip_by_dep=None, packages_skip_up_to=None, packages_select_build_failed=False, packages_skip_build_finished=False, packages_select_test_failures=False, packages_skip_test_passed=False, packages_select=None, packages_skip=None, packages_select_regex=None, packages_skip_regex=None, packages_start=None, packages_end=None, allow_overriding=[], cmake_args=None, cmake_target=None, cmake_target_skip_unavailable=False, cmake_clean_cache=False, cmake_clean_first=False, cmake_force_configure=False, ament_cmake_args=None, catkin_cmake_args=None, catkin_skip_building_tests=False, verb_parser=<colcon_defaults.argument_parser.defaults.DefaultArgumentsDecorator object at 0x7f2b6d6adc30>, verb_extension=<colcon_core.verb.build.BuildVerb object at 0x7f2b6d618d60>, main=<bound method BuildVerb.main of <colcon_core.verb.build.BuildVerb object at 0x7f2b6d618d60>>)
[7.065s] Level 1:colcon.colcon_core.package_discovery:discover_packages(colcon_meta) check parameters
[7.065s] Level 1:colcon.colcon_core.package_discovery:discover_packages(recursive) check parameters
[7.065s] Level 1:colcon.colcon_core.package_discovery:discover_packages(ignore) check parameters
[7.065s] Level 1:colcon.colcon_core.package_discovery:discover_packages(path) check parameters
[7.066s] Level 1:colcon.colcon_core.package_discovery:discover_packages(colcon_meta) discover
[7.066s] Level 1:colcon.colcon_core.package_discovery:discover_packages(recursive) discover
[7.066s] INFO:colcon.colcon_core.package_discovery:Crawling recursively for packages in '/home/admin/turtlebot4_ws/src/mover'
[7.066s] Level 1:colcon.colcon_core.package_identification:_identify(.) by extensions ['ignore', 'ignore_ament_install']
[7.067s] Level 1:colcon.colcon_core.package_identification:_identify(.) by extension 'ignore'
[7.067s] Level 1:colcon.colcon_core.package_identification:_identify(.) by extension 'ignore_ament_install'
[7.067s] Level 1:colcon.colcon_core.package_identification:_identify(.) by extensions ['colcon_pkg']
[7.067s] Level 1:colcon.colcon_core.package_identification:_identify(.) by extension 'colcon_pkg'
[7.067s] Level 1:colcon.colcon_core.package_identification:_identify(.) by extensions ['colcon_meta']
[7.068s] Level 1:colcon.colcon_core.package_identification:_identify(.) by extension 'colcon_meta'
[7.068s] Level 1:colcon.colcon_core.package_identification:_identify(.) by extensions ['ros']
[7.068s] Level 1:colcon.colcon_core.package_identification:_identify(.) by extension 'ros'
[7.117s] DEBUG:colcon.colcon_core.package_identification:Package '.' with type 'ros.ament_python' and name 'mover'
[7.118s] Level 1:colcon.colcon_core.package_discovery:discover_packages(recursive) using defaults
[7.118s] Level 1:colcon.colcon_core.package_discovery:discover_packages(ignore) discover
[7.118s] Level 1:colcon.colcon_core.package_discovery:discover_packages(ignore) using defaults
[7.118s] Level 1:colcon.colcon_core.package_discovery:discover_packages(path) discover
[7.118s] Level 1:colcon.colcon_core.package_discovery:discover_packages(path) using defaults
[7.498s] Level 1:colcon.colcon_core.package_discovery:discover_packages(prefix_path) check parameters
[7.498s] Level 1:colcon.colcon_core.package_discovery:discover_packages(prefix_path) discover
[7.603s] DEBUG:colcon.colcon_installed_package_information.package_discovery:Found 377 installed packages in /opt/ros/humble
[7.610s] Level 1:colcon.colcon_core.package_discovery:discover_packages(prefix_path) using defaults
[8.032s] Level 5:colcon.colcon_core.verb:set package 'mover' build argument 'cmake_args' from command line to 'None'
[8.033s] Level 5:colcon.colcon_core.verb:set package 'mover' build argument 'cmake_target' from command line to 'None'
[8.033s] Level 5:colcon.colcon_core.verb:set package 'mover' build argument 'cmake_target_skip_unavailable' from command line to 'False'
[8.033s] Level 5:colcon.colcon_core.verb:set package 'mover' build argument 'cmake_clean_cache' from command line to 'False'
[8.033s] Level 5:colcon.colcon_core.verb:set package 'mover' build argument 'cmake_clean_first' from command line to 'False'
[8.033s] Level 5:colcon.colcon_core.verb:set package 'mover' build argument 'cmake_force_configure' from command line to 'False'
[8.033s] Level 5:colcon.colcon_core.verb:set package 'mover' build argument 'ament_cmake_args' from command line to 'None'
[8.033s] Level 5:colcon.colcon_core.verb:set package 'mover' build argument 'catkin_cmake_args' from command line to 'None'
[8.033s] Level 5:colcon.colcon_core.verb:set package 'mover' build argument 'catkin_skip_building_tests' from command line to 'False'
[8.034s] DEBUG:colcon.colcon_core.verb:Building package 'mover' with the following arguments: {'ament_cmake_args': None, 'build_base': '/home/admin/turtlebot4_ws/src/mover/build/mover', 'catkin_cmake_args': None, 'catkin_skip_building_tests': False, 'cmake_args': None, 'cmake_clean_cache': False, 'cmake_clean_first': False, 'cmake_force_configure': False, 'cmake_target': None, 'cmake_target_skip_unavailable': False, 'install_base': '/home/admin/turtlebot4_ws/src/mover/install/mover', 'merge_install': False, 'path': '/home/admin/turtlebot4_ws/src/mover', 'symlink_install': False, 'test_result_base': None}
[8.088s] INFO:colcon.colcon_core.executor:Executing jobs using 'parallel' executor
[8.150s] DEBUG:colcon.colcon_parallel_executor.executor.parallel:run_until_complete
[8.150s] INFO:colcon.colcon_ros.task.ament_python.build:Building ROS package in '/home/admin/turtlebot4_ws/src/mover' with build type 'ament_python'
[8.151s] Level 1:colcon.colcon_core.shell:create_environment_hook('mover', 'ament_prefix_path')
[8.257s] INFO:colcon.colcon_core.plugin_system:Skipping extension 'colcon_core.shell.bat': Not used on non-Windows systems
[8.257s] INFO:colcon.colcon_core.shell:Creating environment hook '/home/admin/turtlebot4_ws/src/mover/install/mover/share/mover/hook/ament_prefix_path.ps1'
[8.267s] INFO:colcon.colcon_core.shell:Creating environment descriptor '/home/admin/turtlebot4_ws/src/mover/install/mover/share/mover/hook/ament_prefix_path.dsv'
[8.274s] INFO:colcon.colcon_core.shell:Creating environment hook '/home/admin/turtlebot4_ws/src/mover/install/mover/share/mover/hook/ament_prefix_path.sh'
[8.329s] INFO:colcon.colcon_core.shell:Skip shell extension 'powershell' for command environment: Not usable outside of PowerShell
[8.329s] DEBUG:colcon.colcon_core.shell:Skip shell extension 'dsv' for command environment
[9.378s] INFO:colcon.colcon_core.task.python.build:Building Python package in '/home/admin/turtlebot4_ws/src/mover'
[9.443s] INFO:colcon.colcon_core.shell:Skip shell extension 'powershell' for command environment: Not usable outside of PowerShell
[9.443s] DEBUG:colcon.colcon_core.shell:Skip shell extension 'dsv' for command environment
[11.281s] DEBUG:colcon.colcon_core.event_handler.log_command:Invoking command in '/home/admin/turtlebot4_ws/src/mover/build/mover': PYTHONPATH=/home/admin/turtlebot4_ws/src/mover/build/mover/prefix_override:/home/admin/turtlebot4_ws/src/mover/install/mover/lib/python3.10/site-packages:${PYTHONPATH} /usr/bin/python3 setup.py develop --uninstall --editable --build-directory /home/admin/turtlebot4_ws/src/mover/build/mover/build
[12.890s] DEBUG:colcon.colcon_core.event_handler.log_command:Invoked command in '/home/admin/turtlebot4_ws/src/mover/build/mover' returned '0': PYTHONPATH=/home/admin/turtlebot4_ws/src/mover/build/mover/prefix_override:/home/admin/turtlebot4_ws/src/mover/install/mover/lib/python3.10/site-packages:${PYTHONPATH} /usr/bin/python3 setup.py develop --uninstall --editable --build-directory /home/admin/turtlebot4_ws/src/mover/build/mover/build
[12.894s] DEBUG:colcon.colcon_core.event_handler.log_command:Invoking command in '/home/admin/turtlebot4_ws/src/mover': PYTHONPATH=/home/admin/turtlebot4_ws/src/mover/build/mover/prefix_override:/home/admin/turtlebot4_ws/src/mover/install/mover/lib/python3.10/site-packages:${PYTHONPATH} /usr/bin/python3 setup.py egg_info --egg-base build/mover build --build-base /home/admin/turtlebot4_ws/src/mover/build/mover/build install --record /home/admin/turtlebot4_ws/src/mover/build/mover/install.log --single-version-externally-managed
[14.296s] DEBUG:colcon.colcon_core.event_handler.log_command:Invoked command in '/home/admin/turtlebot4_ws/src/mover' returned '0': PYTHONPATH=/home/admin/turtlebot4_ws/src/mover/build/mover/prefix_override:/home/admin/turtlebot4_ws/src/mover/install/mover/lib/python3.10/site-packages:${PYTHONPATH} /usr/bin/python3 setup.py egg_info --egg-base build/mover build --build-base /home/admin/turtlebot4_ws/src/mover/build/mover/build install --record /home/admin/turtlebot4_ws/src/mover/build/mover/install.log --single-version-externally-managed
[14.407s] Level 1:colcon.colcon_core.environment:checking '/home/admin/turtlebot4_ws/src/mover/install/mover' for CMake module files
[14.409s] Level 1:colcon.colcon_core.environment:checking '/home/admin/turtlebot4_ws/src/mover/install/mover' for CMake config files
[14.411s] Level 1:colcon.colcon_core.environment:checking '/home/admin/turtlebot4_ws/src/mover/install/mover/lib'
[14.411s] Level 1:colcon.colcon_core.environment:checking '/home/admin/turtlebot4_ws/src/mover/install/mover/bin'
[14.412s] Level 1:colcon.colcon_core.environment:checking '/home/admin/turtlebot4_ws/src/mover/install/mover/lib/pkgconfig/mover.pc'
[14.412s] Level 1:colcon.colcon_core.environment:checking '/home/admin/turtlebot4_ws/src/mover/install/mover/lib/python3.10/site-packages'
[14.413s] Level 1:colcon.colcon_core.shell:create_environment_hook('mover', 'pythonpath')
[14.474s] INFO:colcon.colcon_core.shell:Creating environment hook '/home/admin/turtlebot4_ws/src/mover/install/mover/share/mover/hook/pythonpath.ps1'
[14.476s] INFO:colcon.colcon_core.shell:Creating environment descriptor '/home/admin/turtlebot4_ws/src/mover/install/mover/share/mover/hook/pythonpath.dsv'
[14.477s] INFO:colcon.colcon_core.shell:Creating environment hook '/home/admin/turtlebot4_ws/src/mover/install/mover/share/mover/hook/pythonpath.sh'
[14.479s] Level 1:colcon.colcon_core.environment:checking '/home/admin/turtlebot4_ws/src/mover/install/mover/bin'
[14.479s] Level 1:colcon.colcon_core.environment:create_environment_scripts_only(mover)
[14.540s] INFO:colcon.colcon_core.shell:Creating package script '/home/admin/turtlebot4_ws/src/mover/install/mover/share/mover/package.ps1'
[14.553s] INFO:colcon.colcon_core.shell:Creating package descriptor '/home/admin/turtlebot4_ws/src/mover/install/mover/share/mover/package.dsv'
[14.566s] INFO:colcon.colcon_core.shell:Creating package script '/home/admin/turtlebot4_ws/src/mover/install/mover/share/mover/package.sh'
[14.569s] INFO:colcon.colcon_core.shell:Creating package script '/home/admin/turtlebot4_ws/src/mover/install/mover/share/mover/package.bash'
[14.572s] INFO:colcon.colcon_core.shell:Creating package script '/home/admin/turtlebot4_ws/src/mover/install/mover/share/mover/package.zsh'
[14.583s] Level 1:colcon.colcon_core.environment:create_file_with_runtime_dependencies(/home/admin/turtlebot4_ws/src/mover/install/mover/share/colcon-core/packages/mover)
[14.584s] DEBUG:colcon.colcon_parallel_executor.executor.parallel:closing loop
[14.585s] DEBUG:colcon.colcon_parallel_executor.executor.parallel:loop closed
[14.585s] DEBUG:colcon.colcon_parallel_executor.executor.parallel:run_until_complete finished with '0'
[14.585s] DEBUG:colcon.colcon_core.event_reactor:joining thread
[14.664s] INFO:colcon.colcon_core.plugin_system:Skipping extension 'colcon_notification.desktop_notification.terminal_notifier': Not used on non-Darwin systems
[14.664s] INFO:colcon.colcon_core.plugin_system:Skipping extension 'colcon_notification.desktop_notification.win32': Not used on non-Windows systems
[14.664s] INFO:colcon.colcon_notification.desktop_notification:Sending desktop notification using 'notify2'
[14.700s] DEBUG:colcon.colcon_core.event_reactor:joined thread
[14.760s] INFO:colcon.colcon_core.shell:Creating prefix script '/home/admin/turtlebot4_ws/src/mover/install/local_setup.ps1'
[14.764s] INFO:colcon.colcon_core.shell:Creating prefix util module '/home/admin/turtlebot4_ws/src/mover/install/_local_setup_util_ps1.py'
[14.769s] INFO:colcon.colcon_core.shell:Creating prefix chain script '/home/admin/turtlebot4_ws/src/mover/install/setup.ps1'
[14.830s] INFO:colcon.colcon_core.shell:Creating prefix script '/home/admin/turtlebot4_ws/src/mover/install/local_setup.sh'
[14.832s] INFO:colcon.colcon_core.shell:Creating prefix util module '/home/admin/turtlebot4_ws/src/mover/install/_local_setup_util_sh.py'
[14.834s] INFO:colcon.colcon_core.shell:Creating prefix chain script '/home/admin/turtlebot4_ws/src/mover/install/setup.sh'
[14.902s] INFO:colcon.colcon_core.shell:Creating prefix script '/home/admin/turtlebot4_ws/src/mover/install/local_setup.bash'
[14.904s] INFO:colcon.colcon_core.shell:Creating prefix chain script '/home/admin/turtlebot4_ws/src/mover/install/setup.bash'
[14.968s] INFO:colcon.colcon_core.shell:Creating prefix script '/home/admin/turtlebot4_ws/src/mover/install/local_setup.zsh'
[14.970s] INFO:colcon.colcon_core.shell:Creating prefix chain script '/home/admin/turtlebot4_ws/src/mover/install/setup.zsh'
