[2.675s] Invoking command in '/home/admin/turtlebot4_ws/src/mover/build/mover': PYTHONPATH=/home/admin/turtlebot4_ws/src/mover/build/mover/prefix_override:/home/admin/turtlebot4_ws/src/mover/install/mover/lib/python3.10/site-packages:${PYTHONPATH} /usr/bin/python3 setup.py develop --editable --build-directory /home/admin/turtlebot4_ws/src/mover/build/mover/build --no-deps install_data
[3.412s] running develop
[3.413s] /usr/lib/python3/dist-packages/setuptools/command/easy_install.py:158: EasyInstallDeprecationWarning: easy_install command is deprecated. Use build and pip and other standards-based tools.
[3.413s]   warnings.warn(
[3.417s] /usr/lib/python3/dist-packages/setuptools/command/install.py:34: SetuptoolsDeprecationWarning: setup.py install is deprecated. Use build and pip and other standards-based tools.
[3.417s]   warnings.warn(
[4.022s] running egg_info
[4.022s] writing mover.egg-info/PKG-INFO
[4.023s] writing dependency_links to mover.egg-info/dependency_links.txt
[4.023s] writing entry points to mover.egg-info/entry_points.txt
[4.024s] writing requirements to mover.egg-info/requires.txt
[4.024s] writing top-level names to mover.egg-info/top_level.txt
[4.029s] reading manifest file 'mover.egg-info/SOURCES.txt'
[4.031s] writing manifest file 'mover.egg-info/SOURCES.txt'
[4.034s] running build_ext
[4.034s] Creating /home/admin/turtlebot4_ws/src/mover/install/mover/lib/python3.10/site-packages/mover.egg-link (link to .)
[4.036s] Installing nav_to_pose script to /home/admin/turtlebot4_ws/src/mover/install/mover/lib/mover
[4.037s] 
[4.037s] Installed /home/admin/turtlebot4_ws/src/mover/build/mover
[4.037s] running install_data
[4.100s] Invoked command in '/home/admin/turtlebot4_ws/src/mover/build/mover' returned '0': PYTHONPATH=/home/admin/turtlebot4_ws/src/mover/build/mover/prefix_override:/home/admin/turtlebot4_ws/src/mover/install/mover/lib/python3.10/site-packages:${PYTHONPATH} /usr/bin/python3 setup.py develop --editable --build-directory /home/admin/turtlebot4_ws/src/mover/build/mover/build --no-deps install_data
