[0.056s] Invoking command in '/home/admin/turtlebot4_ws/src/build/turtlebot4_simulator': AMENT_PREFIX_PATH=/home/admin/turtlebot4_ws/src/install/turtlebot4_ignition_bringup:/home/admin/turtlebot4_ws/src/install/turtlebot4_ignition_toolbox:/home/admin/turtlebot4_ws/src/install/turtlebot4_ignition_gui_plugins:${AMENT_PREFIX_PATH} CMAKE_PREFIX_PATH=/home/admin/turtlebot4_ws/src/install/turtlebot4_ignition_bringup:/home/admin/turtlebot4_ws/src/install/turtlebot4_ignition_toolbox:/home/admin/turtlebot4_ws/src/install/turtlebot4_ignition_gui_plugins:/opt/ros/humble /usr/bin/cmake /home/admin/turtlebot4_ws/src/turtlebot4_simulator/turtlebot4_simulator -DAMENT_CMAKE_SYMLINK_INSTALL=1 -DCMAKE_INSTALL_PREFIX=/home/admin/turtlebot4_ws/src/install/turtlebot4_simulator
[0.102s] -- The C compiler identification is GNU 11.4.0
[0.154s] -- The CXX compiler identification is GNU 11.4.0
[0.160s] -- Detecting C compiler ABI info
[0.224s] -- Detecting C compiler ABI info - done
[0.232s] -- Check for working C compiler: /usr/bin/cc - skipped
[0.233s] -- Detecting C compile features
[0.233s] -- Detecting C compile features - done
[0.236s] -- Detecting CXX compiler ABI info
[0.305s] -- Detecting CXX compiler ABI info - done
[0.312s] -- Check for working CXX compiler: /usr/bin/c++ - skipped
[0.312s] -- Detecting CXX compile features
[0.313s] -- Detecting CXX compile features - done
[0.315s] -- Found ament_cmake: 1.3.5 (/opt/ros/humble/share/ament_cmake/cmake)
[0.468s] -- Found Python3: /usr/bin/python3.10 (found version "3.10.12") found components: Interpreter 
[0.529s] -- Override CMake install command with custom implementation using symlinks instead of copying resources
[0.621s] -- Configuring done
[0.623s] -- Generating done
[0.624s] -- Build files have been written to: /home/admin/turtlebot4_ws/src/build/turtlebot4_simulator
[0.628s] Invoked command in '/home/admin/turtlebot4_ws/src/build/turtlebot4_simulator' returned '0': AMENT_PREFIX_PATH=/home/admin/turtlebot4_ws/src/install/turtlebot4_ignition_bringup:/home/admin/turtlebot4_ws/src/install/turtlebot4_ignition_toolbox:/home/admin/turtlebot4_ws/src/install/turtlebot4_ignition_gui_plugins:${AMENT_PREFIX_PATH} CMAKE_PREFIX_PATH=/home/admin/turtlebot4_ws/src/install/turtlebot4_ignition_bringup:/home/admin/turtlebot4_ws/src/install/turtlebot4_ignition_toolbox:/home/admin/turtlebot4_ws/src/install/turtlebot4_ignition_gui_plugins:/opt/ros/humble /usr/bin/cmake /home/admin/turtlebot4_ws/src/turtlebot4_simulator/turtlebot4_simulator -DAMENT_CMAKE_SYMLINK_INSTALL=1 -DCMAKE_INSTALL_PREFIX=/home/admin/turtlebot4_ws/src/install/turtlebot4_simulator
[0.630s] Invoking command in '/home/admin/turtlebot4_ws/src/build/turtlebot4_simulator': AMENT_PREFIX_PATH=/home/admin/turtlebot4_ws/src/install/turtlebot4_ignition_bringup:/home/admin/turtlebot4_ws/src/install/turtlebot4_ignition_toolbox:/home/admin/turtlebot4_ws/src/install/turtlebot4_ignition_gui_plugins:${AMENT_PREFIX_PATH} CMAKE_PREFIX_PATH=/home/admin/turtlebot4_ws/src/install/turtlebot4_ignition_bringup:/home/admin/turtlebot4_ws/src/install/turtlebot4_ignition_toolbox:/home/admin/turtlebot4_ws/src/install/turtlebot4_ignition_gui_plugins:/opt/ros/humble /usr/bin/cmake --build /home/admin/turtlebot4_ws/src/build/turtlebot4_simulator -- -j12 -l12
[0.662s] Invoked command in '/home/admin/turtlebot4_ws/src/build/turtlebot4_simulator' returned '0': AMENT_PREFIX_PATH=/home/admin/turtlebot4_ws/src/install/turtlebot4_ignition_bringup:/home/admin/turtlebot4_ws/src/install/turtlebot4_ignition_toolbox:/home/admin/turtlebot4_ws/src/install/turtlebot4_ignition_gui_plugins:${AMENT_PREFIX_PATH} CMAKE_PREFIX_PATH=/home/admin/turtlebot4_ws/src/install/turtlebot4_ignition_bringup:/home/admin/turtlebot4_ws/src/install/turtlebot4_ignition_toolbox:/home/admin/turtlebot4_ws/src/install/turtlebot4_ignition_gui_plugins:/opt/ros/humble /usr/bin/cmake --build /home/admin/turtlebot4_ws/src/build/turtlebot4_simulator -- -j12 -l12
[0.683s] Invoking command in '/home/admin/turtlebot4_ws/src/build/turtlebot4_simulator': AMENT_PREFIX_PATH=/home/admin/turtlebot4_ws/src/install/turtlebot4_ignition_bringup:/home/admin/turtlebot4_ws/src/install/turtlebot4_ignition_toolbox:/home/admin/turtlebot4_ws/src/install/turtlebot4_ignition_gui_plugins:${AMENT_PREFIX_PATH} CMAKE_PREFIX_PATH=/home/admin/turtlebot4_ws/src/install/turtlebot4_ignition_bringup:/home/admin/turtlebot4_ws/src/install/turtlebot4_ignition_toolbox:/home/admin/turtlebot4_ws/src/install/turtlebot4_ignition_gui_plugins:/opt/ros/humble /usr/bin/cmake --install /home/admin/turtlebot4_ws/src/build/turtlebot4_simulator
[0.691s] -- Install configuration: ""
[0.691s] -- Execute custom install script
[0.692s] -- Symlinking: /home/admin/turtlebot4_ws/src/install/turtlebot4_simulator/share/ament_index/resource_index/package_run_dependencies/turtlebot4_simulator
[0.702s] -- Symlinking: /home/admin/turtlebot4_ws/src/install/turtlebot4_simulator/share/ament_index/resource_index/parent_prefix_path/turtlebot4_simulator
[0.712s] -- Symlinking: /home/admin/turtlebot4_ws/src/install/turtlebot4_simulator/share/turtlebot4_simulator/environment/ament_prefix_path.sh
[0.722s] -- Symlinking: /home/admin/turtlebot4_ws/src/install/turtlebot4_simulator/share/turtlebot4_simulator/environment/ament_prefix_path.dsv
[0.732s] -- Symlinking: /home/admin/turtlebot4_ws/src/install/turtlebot4_simulator/share/turtlebot4_simulator/environment/path.sh
[0.742s] -- Symlinking: /home/admin/turtlebot4_ws/src/install/turtlebot4_simulator/share/turtlebot4_simulator/environment/path.dsv
[0.752s] -- Symlinking: /home/admin/turtlebot4_ws/src/install/turtlebot4_simulator/share/turtlebot4_simulator/local_setup.bash
[0.761s] -- Symlinking: /home/admin/turtlebot4_ws/src/install/turtlebot4_simulator/share/turtlebot4_simulator/local_setup.sh
[0.771s] -- Symlinking: /home/admin/turtlebot4_ws/src/install/turtlebot4_simulator/share/turtlebot4_simulator/local_setup.zsh
[0.781s] -- Symlinking: /home/admin/turtlebot4_ws/src/install/turtlebot4_simulator/share/turtlebot4_simulator/local_setup.dsv
[0.792s] -- Symlinking: /home/admin/turtlebot4_ws/src/install/turtlebot4_simulator/share/turtlebot4_simulator/package.dsv
[0.802s] -- Symlinking: /home/admin/turtlebot4_ws/src/install/turtlebot4_simulator/share/ament_index/resource_index/packages/turtlebot4_simulator
[0.812s] -- Symlinking: /home/admin/turtlebot4_ws/src/install/turtlebot4_simulator/share/turtlebot4_simulator/cmake/turtlebot4_simulatorConfig.cmake
[0.822s] -- Symlinking: /home/admin/turtlebot4_ws/src/install/turtlebot4_simulator/share/turtlebot4_simulator/cmake/turtlebot4_simulatorConfig-version.cmake
[0.832s] -- Symlinking: /home/admin/turtlebot4_ws/src/install/turtlebot4_simulator/share/turtlebot4_simulator/package.xml
[0.844s] Invoked command in '/home/admin/turtlebot4_ws/src/build/turtlebot4_simulator' returned '0': AMENT_PREFIX_PATH=/home/admin/turtlebot4_ws/src/install/turtlebot4_ignition_bringup:/home/admin/turtlebot4_ws/src/install/turtlebot4_ignition_toolbox:/home/admin/turtlebot4_ws/src/install/turtlebot4_ignition_gui_plugins:${AMENT_PREFIX_PATH} CMAKE_PREFIX_PATH=/home/admin/turtlebot4_ws/src/install/turtlebot4_ignition_bringup:/home/admin/turtlebot4_ws/src/install/turtlebot4_ignition_toolbox:/home/admin/turtlebot4_ws/src/install/turtlebot4_ignition_gui_plugins:/opt/ros/humble /usr/bin/cmake --install /home/admin/turtlebot4_ws/src/build/turtlebot4_simulator
